<?xml version="1.0" encoding="UTF-8"?>
<!-- Generated by org.testng.reporters.JUnitXMLReporter -->
<testsuite hostname="DESKTOP-70GVKHP" ignored="0" name="Default test" tests="3" failures="0" timestamp="15 Jun 2019 18:12:42 GMT" time="63.735" errors="0">
  <testcase name="addEmployee" time="15.06" classname="com.syntax.testcases.AddEmployeePageTest"/>
  <testcase name="addEmployee" time="13.166" classname="com.syntax.testcases.AddEmployeePageTest"/>
  <testcase name="addEmployee" time="14.182" classname="com.syntax.testcases.AddEmployeePageTest"/>
</testsuite> <!-- Default test -->
