<?xml version="1.0" encoding="UTF-8"?>
<!-- Generated by org.testng.reporters.JUnitXMLReporter -->
<testsuite hostname="DESKTOP-70GVKHP" ignored="5" name="regration Test" tests="1" failures="0" timestamp="15 Jun 2019 19:07:30 GMT" time="8.625" errors="0">
  <testcase name="loginToOrangeHRM" time="2.556" classname="com.syntax.testcases.LoginPageTest"/>
  <testcase name="readExcel" time="0.0" classname="com.syntax.testcases.ExcelDemo">
    <ignored/>
  </testcase> <!-- readExcel -->
  <testcase name="doLogin" time="0.0" classname="com.syntax.testcases.LoginPageTest">
    <ignored/>
  </testcase> <!-- doLogin -->
  <testcase name="negativeLogin" time="0.0" classname="com.syntax.testcases.LoginPageTest">
    <ignored/>
  </testcase> <!-- negativeLogin -->
  <testcase name="addEmployee" time="0.0" classname="com.syntax.testcases.AddEmployeePageTest">
    <ignored/>
  </testcase> <!-- addEmployee -->
  <testcase name="addLocation" time="0.0" classname="com.syntax.testcases.HwLocationPageTest">
    <ignored/>
  </testcase> <!-- addLocation -->
</testsuite> <!-- regration Test -->
