<?xml version="1.0" encoding="UTF-8"?>
<testng-results skipped="0" failed="1" ignored="5" total="8" passed="2">
  <reporter-output>
  </reporter-output>
  <suite name="Suite" duration-ms="81786" started-at="2019-06-15T19:42:35Z" finished-at="2019-06-15T19:43:57Z">
    <groups>
      <group name="smoke">
        <method signature="AddEmployeePageTest.addEmployee(java.lang.String, java.lang.String, java.lang.String, java.lang.String)[pri:0, instance:com.syntax.testcases.AddEmployeePageTest@91161c7]" name="addEmployee" class="com.syntax.testcases.AddEmployeePageTest"/>
      </group> <!-- smoke -->
    </groups>
    <test name="smoke Test" duration-ms="81786" started-at="2019-06-15T19:42:35Z" finished-at="2019-06-15T19:43:57Z">
      <class name="com.syntax.testcases.AddEmployeePageTest">
        <test-method status="PASS" signature="setUp()[pri:0, instance:com.syntax.testcases.AddEmployeePageTest@91161c7]" name="setUp" is-config="true" duration-ms="28358" started-at="2019-06-15T19:42:36Z" finished-at="2019-06-15T19:43:04Z">
          <reporter-output>
          </reporter-output>
        </test-method> <!-- setUp -->
        <test-method status="FAIL" signature="addEmployee(java.lang.String, java.lang.String, java.lang.String, java.lang.String)[pri:0, instance:com.syntax.testcases.AddEmployeePageTest@91161c7]" name="addEmployee" duration-ms="10920" started-at="2019-06-15T19:43:04Z" data-provider="employee details" finished-at="2019-06-15T19:43:15Z">
          <params>
            <param index="0">
              <value>
                <![CDATA[John]]>
              </value>
            </param>
            <param index="1">
              <value>
                <![CDATA[Snow]]>
              </value>
            </param>
            <param index="2">
              <value>
                <![CDATA[White]]>
              </value>
            </param>
            <param index="3">
              <value>
                <![CDATA[HQ]]>
              </value>
            </param>
          </params>
          <exception class="org.openqa.selenium.NoSuchElementException">
            <message>
              <![CDATA[Cannot locate an element using id=txtUsername
For documentation on this error, please visit: https://www.seleniumhq.org/exceptions/no_such_element.html
Build info: version: '3.141.59', revision: 'e82be7d358', time: '2018-11-14T08:17:03'
System info: host: 'DESKTOP-70GVKHP', ip: '10.0.0.20', os.name: 'Windows 10', os.arch: 'amd64', os.version: '10.0', java.version: '1.8.0_201'
Driver info: driver.version: RemoteWebDriver]]>
            </message>
            <full-stacktrace>
              <![CDATA[org.openqa.selenium.NoSuchElementException: Cannot locate an element using id=txtUsername
For documentation on this error, please visit: https://www.seleniumhq.org/exceptions/no_such_element.html
Build info: version: '3.141.59', revision: 'e82be7d358', time: '2018-11-14T08:17:03'
System info: host: 'DESKTOP-70GVKHP', ip: '10.0.0.20', os.name: 'Windows 10', os.arch: 'amd64', os.version: '10.0', java.version: '1.8.0_201'
Driver info: driver.version: RemoteWebDriver
at org.openqa.selenium.remote.RemoteWebDriver.findElement(RemoteWebDriver.java:327)
at org.openqa.selenium.remote.RemoteWebDriver.findElementById(RemoteWebDriver.java:372)
at org.openqa.selenium.By$ById.findElement(By.java:188)
at org.openqa.selenium.remote.RemoteWebDriver.findElement(RemoteWebDriver.java:315)
at org.openqa.selenium.support.pagefactory.DefaultElementLocator.findElement(DefaultElementLocator.java:69)
at org.openqa.selenium.support.pagefactory.internal.LocatingElementHandler.invoke(LocatingElementHandler.java:38)
at com.sun.proxy.$Proxy10.clear(Unknown Source)
at com.syntax.utils.CommonMethods.sendText(CommonMethods.java:70)
at com.syntax.pages.LoginPage.login(LoginPage.java:34)
at com.syntax.testcases.AddEmployeePageTest.addEmployee(AddEmployeePageTest.java:32)
at sun.reflect.NativeMethodAccessorImpl.invoke0(Native Method)
at sun.reflect.NativeMethodAccessorImpl.invoke(Unknown Source)
at sun.reflect.DelegatingMethodAccessorImpl.invoke(Unknown Source)
at java.lang.reflect.Method.invoke(Unknown Source)
at org.testng.internal.MethodInvocationHelper.invokeMethod(MethodInvocationHelper.java:124)
at org.testng.internal.Invoker.invokeMethod(Invoker.java:583)
at org.testng.internal.Invoker.invokeTestMethod(Invoker.java:719)
at org.testng.internal.Invoker.invokeTestMethods(Invoker.java:989)
at org.testng.internal.TestMethodWorker.invokeTestMethods(TestMethodWorker.java:125)
at org.testng.internal.TestMethodWorker.run(TestMethodWorker.java:109)
at org.testng.TestRunner.privateRun(TestRunner.java:648)
at org.testng.TestRunner.run(TestRunner.java:505)
at org.testng.SuiteRunner.runTest(SuiteRunner.java:455)
at org.testng.SuiteRunner.runSequentially(SuiteRunner.java:450)
at org.testng.SuiteRunner.privateRun(SuiteRunner.java:415)
at org.testng.SuiteRunner.run(SuiteRunner.java:364)
at org.testng.SuiteRunnerWorker.runSuite(SuiteRunnerWorker.java:52)
at org.testng.SuiteRunnerWorker.run(SuiteRunnerWorker.java:84)
at org.testng.TestNG.runSuitesSequentially(TestNG.java:1208)
at org.testng.TestNG.runSuitesLocally(TestNG.java:1137)
at org.testng.TestNG.runSuites(TestNG.java:1049)
at org.testng.TestNG.run(TestNG.java:1017)
at org.testng.remote.AbstractRemoteTestNG.run(AbstractRemoteTestNG.java:115)
at org.testng.remote.RemoteTestNG.initAndRun(RemoteTestNG.java:251)
at org.testng.remote.RemoteTestNG.main(RemoteTestNG.java:77)
]]>
            </full-stacktrace>
          </exception> <!-- org.openqa.selenium.NoSuchElementException -->
          <reporter-output>
          </reporter-output>
        </test-method> <!-- addEmployee -->
        <test-method status="PASS" signature="tearDown()[pri:0, instance:com.syntax.testcases.AddEmployeePageTest@91161c7]" name="tearDown" is-config="true" duration-ms="1150" started-at="2019-06-15T19:43:15Z" finished-at="2019-06-15T19:43:16Z">
          <reporter-output>
          </reporter-output>
        </test-method> <!-- tearDown -->
        <test-method status="PASS" signature="setUp()[pri:0, instance:com.syntax.testcases.AddEmployeePageTest@91161c7]" name="setUp" is-config="true" duration-ms="5001" started-at="2019-06-15T19:43:16Z" finished-at="2019-06-15T19:43:21Z">
          <reporter-output>
          </reporter-output>
        </test-method> <!-- setUp -->
        <test-method status="PASS" signature="addEmployee(java.lang.String, java.lang.String, java.lang.String, java.lang.String)[pri:0, instance:com.syntax.testcases.AddEmployeePageTest@91161c7]" name="addEmployee" duration-ms="13837" started-at="2019-06-15T19:43:21Z" data-provider="employee details" finished-at="2019-06-15T19:43:35Z">
          <params>
            <param index="0">
              <value>
                <![CDATA[Jane]]>
              </value>
            </param>
            <param index="1">
              <value>
                <![CDATA[Rain]]>
              </value>
            </param>
            <param index="2">
              <value>
                <![CDATA[Yellow]]>
              </value>
            </param>
            <param index="3">
              <value>
                <![CDATA[West Office]]>
              </value>
            </param>
          </params>
          <reporter-output>
          </reporter-output>
        </test-method> <!-- addEmployee -->
        <test-method status="PASS" signature="tearDown()[pri:0, instance:com.syntax.testcases.AddEmployeePageTest@91161c7]" name="tearDown" is-config="true" duration-ms="750" started-at="2019-06-15T19:43:35Z" finished-at="2019-06-15T19:43:36Z">
          <reporter-output>
          </reporter-output>
        </test-method> <!-- tearDown -->
        <test-method status="PASS" signature="setUp()[pri:0, instance:com.syntax.testcases.AddEmployeePageTest@91161c7]" name="setUp" is-config="true" duration-ms="4868" started-at="2019-06-15T19:43:36Z" finished-at="2019-06-15T19:43:40Z">
          <reporter-output>
          </reporter-output>
        </test-method> <!-- setUp -->
        <test-method status="PASS" signature="addEmployee(java.lang.String, java.lang.String, java.lang.String, java.lang.String)[pri:0, instance:com.syntax.testcases.AddEmployeePageTest@91161c7]" name="addEmployee" duration-ms="15999" started-at="2019-06-15T19:43:40Z" data-provider="employee details" finished-at="2019-06-15T19:43:56Z">
          <params>
            <param index="0">
              <value>
                <![CDATA[Arya]]>
              </value>
            </param>
            <param index="1">
              <value>
                <![CDATA[Sunny]]>
              </value>
            </param>
            <param index="2">
              <value>
                <![CDATA[Blue]]>
              </value>
            </param>
            <param index="3">
              <value>
                <![CDATA[North Office]]>
              </value>
            </param>
          </params>
          <reporter-output>
          </reporter-output>
        </test-method> <!-- addEmployee -->
        <test-method status="PASS" signature="tearDown()[pri:0, instance:com.syntax.testcases.AddEmployeePageTest@91161c7]" name="tearDown" is-config="true" duration-ms="852" started-at="2019-06-15T19:43:56Z" finished-at="2019-06-15T19:43:57Z">
          <reporter-output>
          </reporter-output>
        </test-method> <!-- tearDown -->
      </class> <!-- com.syntax.testcases.AddEmployeePageTest -->
    </test> <!-- smoke Test -->
  </suite> <!-- Suite -->
</testng-results>
